# JRE version: Java(TM) SE Runtime Environment (8.0_31-b13) (build 1.8.0_31-b13)
# Java VM: Java HotSpot(TM) 64-Bit Server VM (25.31-b07 mixed mode bsd-amd64 compressed oops)
Heap:
 PSYoungGen      total 1381376K, used 8795K [0x000000076ab00000, 0x00000007c0000000, 0x00000007c0000000)
  eden space 1376256K, 0% used [0x000000076ab00000,0x000000076ae97bb0,0x00000007beb00000)
  from space 5120K, 99% used [0x00000007bfb00000,0x00000007bffff160,0x00000007c0000000)
  to   space 10752K, 0% used [0x00000007beb00000,0x00000007beb00000,0x00000007bf580000)
 ParOldGen       total 594944K, used 342682K [0x00000006c0000000, 0x00000006e4500000, 0x000000076ab00000)
  object space 594944K, 57% used [0x00000006c0000000,0x00000006d4ea6848,0x00000006e4500000)
 Metaspace       used 73766K, capacity 93639K, committed 106496K, reserved 1128448K
  class space    used 15917K, capacity 23488K, committed 27904K, reserved 1048576K
GC Heap History (10 events):
Event: 17255.132 GC heap before
{Heap before GC invocations=4042 (full 6):
 PSYoungGen      total 1394688K, used 1393312K [0x000000076ab00000, 0x00000007c0000000, 0x00000007c0000000)
  eden space 1391616K, 100% used [0x000000076ab00000,0x00000007bfa00000,0x00000007bfa00000)
  from space 3072K, 55% used [0x00000007bfa00000,0x00000007bfba8000,0x00000007bfd00000)
  to   space 3072K, 0% used [0x00000007bfd00000,0x00000007bfd00000,0x00000007c0000000)
 ParOldGen       total 594944K, used 325620K [0x00000006c0000000, 0x00000006e4500000, 0x000000076ab00000)
  object space 594944K, 54% used [0x00000006c0000000,0x00000006d3dfd230,0x00000006e4500000)
 Metaspace       used 73563K, capacity 93431K, committed 106240K, reserved 1128448K
  class space    used 15915K, capacity 23484K, committed 27904K, reserved 1048576K
Event: 17255.138 GC heap after
Heap after GC invocations=4042 (full 6):
 PSYoungGen      total 1393664K, used 3066K [0x000000076ab00000, 0x00000007c0000000, 0x00000007c0000000)
  eden space 1390592K, 0% used [0x000000076ab00000,0x000000076ab00000,0x00000007bf900000)
  from space 3072K, 99% used [0x00000007bfd00000,0x00000007bfffead8,0x00000007c0000000)
  to   space 3584K, 0% used [0x00000007bf900000,0x00000007bf900000,0x00000007bfc80000)
 ParOldGen       total 594944K, used 326268K [0x00000006c0000000, 0x00000006e4500000, 0x000000076ab00000)
  object space 594944K, 54% used [0x00000006c0000000,0x00000006d3e9f260,0x00000006e4500000)
 Metaspace       used 73563K, capacity 93431K, committed 106240K, reserved 1128448K
  class space    used 15915K, capacity 23484K, committed 27904K, reserved 1048576K
}
Event: 23136.741 GC heap before
{Heap before GC invocations=4043 (full 6):
 PSYoungGen      total 1393664K, used 1393658K [0x000000076ab00000, 0x00000007c0000000, 0x00000007c0000000)
  eden space 1390592K, 100% used [0x000000076ab00000,0x00000007bf900000,0x00000007bf900000)
  from space 3072K, 99% used [0x00000007bfd00000,0x00000007bfffead8,0x00000007c0000000)
  to   space 3584K, 0% used [0x00000007bf900000,0x00000007bf900000,0x00000007bfc80000)
 ParOldGen       total 594944K, used 326268K [0x00000006c0000000, 0x00000006e4500000, 0x000000076ab00000)
  object space 594944K, 54% used [0x00000006c0000000,0x00000006d3e9f260,0x00000006e4500000)
 Metaspace       used 73630K, capacity 93495K, committed 106240K, reserved 1128448K
  class space    used 15915K, capacity 23484K, committed 27904K, reserved 1048576K
Event: 23136.745 GC heap after
Heap after GC invocations=4043 (full 6):
 PSYoungGen      total 1394176K, used 3579K [0x000000076ab00000, 0x00000007c0000000, 0x00000007c0000000)
  eden space 1390592K, 0% used [0x000000076ab00000,0x000000076ab00000,0x00000007bf900000)
  from space 3584K, 99% used [0x00000007bf900000,0x00000007bfc7ee30,0x00000007bfc80000)
  to   space 3584K, 0% used [0x00000007bfc80000,0x00000007bfc80000,0x00000007c0000000)
 ParOldGen       total 594944K, used 326364K [0x00000006c0000000, 0x00000006e4500000, 0x000000076ab00000)
  object space 594944K, 54% used [0x00000006c0000000,0x00000006d3eb7260,0x00000006e4500000)
 Metaspace       used 73630K, capacity 93495K, committed 106240K, reserved 1128448K
  class space    used 15915K, capacity 23484K, committed 27904K, reserved 1048576K
}
Event: 34067.376 GC heap before
{Heap before GC invocations=4044 (full 6):
 PSYoungGen      total 1394176K, used 1394171K [0x000000076ab00000, 0x00000007c0000000, 0x00000007c0000000)
  eden space 1390592K, 100% used [0x000000076ab00000,0x00000007bf900000,0x00000007bf900000)
  from space 3584K, 99% used [0x00000007bf900000,0x00000007bfc7ee30,0x00000007bfc80000)
  to   space 3584K, 0% used [0x00000007bfc80000,0x00000007bfc80000,0x00000007c0000000)
 ParOldGen       total 594944K, used 326364K [0x00000006c0000000, 0x00000006e4500000, 0x000000076ab00000)
  object space 594944K, 54% used [0x00000006c0000000,0x00000006d3eb7260,0x00000006e4500000)
 Metaspace       used 73670K, capacity 93559K, committed 106240K, reserved 1128448K
  class space    used 15915K, capacity 23484K, committed 27904K, reserved 1048576K
Event: 34067.450 GC heap after
Heap after GC invocations=4044 (full 6):
 PSYoungGen      total 1391104K, used 3572K [0x000000076ab00000, 0x00000007c0000000, 0x00000007c0000000)
  eden space 1387520K, 0% used [0x000000076ab00000,0x000000076ab00000,0x00000007bf600000)
  from space 3584K, 99% used [0x00000007bfc80000,0x00000007bfffd1c0,0x00000007c0000000)
  to   space 5120K, 0% used [0x00000007bf600000,0x00000007bf600000,0x00000007bfb00000)
 ParOldGen       total 594944K, used 328503K [0x00000006c0000000, 0x00000006e4500000, 0x000000076ab00000)
  object space 594944K, 55% used [0x00000006c0000000,0x00000006d40cdc80,0x00000006e4500000)
 Metaspace       used 73670K, capacity 93559K, committed 106240K, reserved 1128448K
  class space    used 15915K, capacity 23484K, committed 27904K, reserved 1048576K
}
Event: 48351.530 GC heap before
{Heap before GC invocations=4045 (full 6):
 PSYoungGen      total 1391104K, used 1391092K [0x000000076ab00000, 0x00000007c0000000, 0x00000007c0000000)
  eden space 1387520K, 100% used [0x000000076ab00000,0x00000007bf600000,0x00000007bf600000)
  from space 3584K, 99% used [0x00000007bfc80000,0x00000007bfffd1c0,0x00000007c0000000)
  to   space 5120K, 0% used [0x00000007bf600000,0x00000007bf600000,0x00000007bfb00000)
 ParOldGen       total 594944K, used 328503K [0x00000006c0000000, 0x00000006e4500000, 0x000000076ab00000)
  object space 594944K, 55% used [0x00000006c0000000,0x00000006d40cdc80,0x00000006e4500000)
 Metaspace       used 73726K, capacity 93623K, committed 106496K, reserved 1128448K
  class space    used 15915K, capacity 23484K, committed 27904K, reserved 1048576K
Event: 48351.553 GC heap after
Heap after GC invocations=4045 (full 6):
 PSYoungGen      total 1392640K, used 5097K [0x000000076ab00000, 0x00000007c0000000, 0x00000007c0000000)
  eden space 1387520K, 0% used [0x000000076ab00000,0x000000076ab00000,0x00000007bf600000)
  from space 5120K, 99% used [0x00000007bf600000,0x00000007bfafa6f0,0x00000007bfb00000)
  to   space 5120K, 0% used [0x00000007bfb00000,0x00000007bfb00000,0x00000007c0000000)
 ParOldGen       total 594944K, used 341682K [0x00000006c0000000, 0x00000006e4500000, 0x000000076ab00000)
  object space 594944K, 57% used [0x00000006c0000000,0x00000006d4dac848,0x00000006e4500000)
 Metaspace       used 73726K, capacity 93623K, committed 106496K, reserved 1128448K
  class space    used 15915K, capacity 23484K, committed 27904K, reserved 1048576K
}
Event: 61795.607 GC heap before
{Heap before GC invocations=4046 (full 6):
 PSYoungGen      total 1392640K, used 1392617K [0x000000076ab00000, 0x00000007c0000000, 0x00000007c0000000)
  eden space 1387520K, 100% used [0x000000076ab00000,0x00000007bf600000,0x00000007bf600000)
  from space 5120K, 99% used [0x00000007bf600000,0x00000007bfafa6f0,0x00000007bfb00000)
  to   space 5120K, 0% used [0x00000007bfb00000,0x00000007bfb00000,0x00000007c0000000)
 ParOldGen       total 594944K, used 341682K [0x00000006c0000000, 0x00000006e4500000, 0x000000076ab00000)
  object space 594944K, 57% used [0x00000006c0000000,0x00000006d4dac848,0x00000006e4500000)
 Metaspace       used 73766K, capacity 93639K, committed 106496K, reserved 1128448K
  class space    used 15917K, capacity 23488K, committed 27904K, reserved 1048576K
Event: 61795.685 GC heap after
Heap after GC invocations=4046 (full 6):
 PSYoungGen      total 1381376K, used 5116K [0x000000076ab00000, 0x00000007c0000000, 0x00000007c0000000)
  eden space 1376256K, 0% used [0x000000076ab00000,0x000000076ab00000,0x00000007beb00000)
  from space 5120K, 99% used [0x00000007bfb00000,0x00000007bffff160,0x00000007c0000000)
  to   space 10752K, 0% used [0x00000007beb00000,0x00000007beb00000,0x00000007bf580000)
 ParOldGen       total 594944K, used 342682K [0x00000006c0000000, 0x00000006e4500000, 0x000000076ab00000)
  object space 594944K, 57% used [0x00000006c0000000,0x00000006d4ea6848,0x00000006e4500000)
 Metaspace       used 73766K, capacity 93639K, committed 106496K, reserved 1128448K
  class space    used 15917K, capacity 23488K, committed 27904K, reserved 1048576K
}

