# JRE version: Java(TM) SE Runtime Environment (8.0_31-b13) (build 1.8.0_31-b13)
# Java VM: Java HotSpot(TM) 64-Bit Server VM (25.31-b07 mixed mode bsd-amd64 compressed oops)
Heap:
 PSYoungGen      total 1392640K, used 26787K [0x000000076ab00000, 0x00000007c0000000, 0x00000007c0000000)
  eden space 1388544K, 1% used [0x000000076ab00000,0x000000076c130fa8,0x00000007bf700000)
  from space 4096K, 99% used [0x00000007bf700000,0x00000007bfaf8020,0x00000007bfb00000)
  to   space 5120K, 0% used [0x00000007bfb00000,0x00000007bfb00000,0x00000007c0000000)
 ParOldGen       total 852480K, used 669705K [0x00000006c0000000, 0x00000006f4080000, 0x000000076ab00000)
  object space 852480K, 78% used [0x00000006c0000000,0x00000006e8e025e0,0x00000006f4080000)
 Metaspace       used 80379K, capacity 106941K, committed 117888K, reserved 1136640K
  class space    used 18266K, capacity 27508K, committed 31360K, reserved 1048576K
GC Heap History (10 events):
Event: 122944.671 GC heap before
{Heap before GC invocations=1290 (full 7):
 PSYoungGen      total 1393152K, used 1389056K [0x000000076ab00000, 0x00000007c0000000, 0x00000007c0000000)
  eden space 1388544K, 100% used [0x000000076ab00000,0x00000007bf700000,0x00000007bf700000)
  from space 4608K, 11% used [0x00000007bfb80000,0x00000007bfc00020,0x00000007c0000000)
  to   space 4608K, 0% used [0x00000007bf700000,0x00000007bf700000,0x00000007bfb80000)
 ParOldGen       total 852480K, used 658665K [0x00000006c0000000, 0x00000006f4080000, 0x000000076ab00000)
  object space 852480K, 77% used [0x00000006c0000000,0x00000006e833a5e0,0x00000006f4080000)
 Metaspace       used 78545K, capacity 103729K, committed 117632K, reserved 1136640K
  class space    used 17601K, capacity 26460K, committed 31360K, reserved 1048576K
Event: 122944.675 GC heap after
Heap after GC invocations=1290 (full 7):
 PSYoungGen      total 1393152K, used 496K [0x000000076ab00000, 0x00000007c0000000, 0x00000007c0000000)
  eden space 1388544K, 0% used [0x000000076ab00000,0x000000076ab00000,0x00000007bf700000)
  from space 4608K, 10% used [0x00000007bf700000,0x00000007bf77c010,0x00000007bfb80000)
  to   space 4608K, 0% used [0x00000007bfb80000,0x00000007bfb80000,0x00000007c0000000)
 ParOldGen       total 852480K, used 658737K [0x00000006c0000000, 0x00000006f4080000, 0x000000076ab00000)
  object space 852480K, 77% used [0x00000006c0000000,0x00000006e834c5e0,0x00000006f4080000)
 Metaspace       used 78545K, capacity 103729K, committed 117632K, reserved 1136640K
  class space    used 17601K, capacity 26460K, committed 31360K, reserved 1048576K
}
Event: 122946.312 GC heap before
{Heap before GC invocations=1291 (full 7):
 PSYoungGen      total 1393152K, used 1389040K [0x000000076ab00000, 0x00000007c0000000, 0x00000007c0000000)
  eden space 1388544K, 100% used [0x000000076ab00000,0x00000007bf700000,0x00000007bf700000)
  from space 4608K, 10% used [0x00000007bf700000,0x00000007bf77c010,0x00000007bfb80000)
  to   space 4608K, 0% used [0x00000007bfb80000,0x00000007bfb80000,0x00000007c0000000)
 ParOldGen       total 852480K, used 658737K [0x00000006c0000000, 0x00000006f4080000, 0x000000076ab00000)
  object space 852480K, 77% used [0x00000006c0000000,0x00000006e834c5e0,0x00000006f4080000)
 Metaspace       used 78545K, capacity 103729K, committed 117632K, reserved 1136640K
  class space    used 17601K, capacity 26460K, committed 31360K, reserved 1048576K
Event: 122946.315 GC heap after
Heap after GC invocations=1291 (full 7):
 PSYoungGen      total 1393152K, used 432K [0x000000076ab00000, 0x00000007c0000000, 0x00000007c0000000)
  eden space 1388544K, 0% used [0x000000076ab00000,0x000000076ab00000,0x00000007bf700000)
  from space 4608K, 9% used [0x00000007bfb80000,0x00000007bfbec010,0x00000007c0000000)
  to   space 4608K, 0% used [0x00000007bf700000,0x00000007bf700000,0x00000007bfb80000)
 ParOldGen       total 852480K, used 658817K [0x00000006c0000000, 0x00000006f4080000, 0x000000076ab00000)
  object space 852480K, 77% used [0x00000006c0000000,0x00000006e83605e0,0x00000006f4080000)
 Metaspace       used 78545K, capacity 103729K, committed 117632K, reserved 1136640K
  class space    used 17601K, capacity 26460K, committed 31360K, reserved 1048576K
}
Event: 122991.350 GC heap before
{Heap before GC invocations=1292 (full 7):
 PSYoungGen      total 1393152K, used 1388976K [0x000000076ab00000, 0x00000007c0000000, 0x00000007c0000000)
  eden space 1388544K, 100% used [0x000000076ab00000,0x00000007bf700000,0x00000007bf700000)
  from space 4608K, 9% used [0x00000007bfb80000,0x00000007bfbec010,0x00000007c0000000)
  to   space 4608K, 0% used [0x00000007bf700000,0x00000007bf700000,0x00000007bfb80000)
 ParOldGen       total 852480K, used 658817K [0x00000006c0000000, 0x00000006f4080000, 0x000000076ab00000)
  object space 852480K, 77% used [0x00000006c0000000,0x00000006e83605e0,0x00000006f4080000)
 Metaspace       used 78575K, capacity 103781K, committed 117632K, reserved 1136640K
  class space    used 17610K, capacity 26476K, committed 31360K, reserved 1048576K
Event: 122991.353 GC heap after
Heap after GC invocations=1292 (full 7):
 PSYoungGen      total 1389568K, used 800K [0x000000076ab00000, 0x00000007bff00000, 0x00000007c0000000)
  eden space 1388544K, 0% used [0x000000076ab00000,0x000000076ab00000,0x00000007bf700000)
  from space 1024K, 78% used [0x00000007bf700000,0x00000007bf7c8000,0x00000007bf800000)
  to   space 4096K, 0% used [0x00000007bfb00000,0x00000007bfb00000,0x00000007bff00000)
 ParOldGen       total 852480K, used 658897K [0x00000006c0000000, 0x00000006f4080000, 0x000000076ab00000)
  object space 852480K, 77% used [0x00000006c0000000,0x00000006e83745e0,0x00000006f4080000)
 Metaspace       used 78575K, capacity 103781K, committed 117632K, reserved 1136640K
  class space    used 17610K, capacity 26476K, committed 31360K, reserved 1048576K
}
Event: 124511.106 GC heap before
{Heap before GC invocations=1293 (full 7):
 PSYoungGen      total 1389568K, used 1389344K [0x000000076ab00000, 0x00000007bff00000, 0x00000007c0000000)
  eden space 1388544K, 100% used [0x000000076ab00000,0x00000007bf700000,0x00000007bf700000)
  from space 1024K, 78% used [0x00000007bf700000,0x00000007bf7c8000,0x00000007bf800000)
  to   space 4096K, 0% used [0x00000007bfb00000,0x00000007bfb00000,0x00000007bff00000)
 ParOldGen       total 852480K, used 658897K [0x00000006c0000000, 0x00000006f4080000, 0x000000076ab00000)
  object space 852480K, 77% used [0x00000006c0000000,0x00000006e83745e0,0x00000006f4080000)
 Metaspace       used 79352K, capacity 105173K, committed 117888K, reserved 1136640K
  class space    used 17892K, capacity 26920K, committed 31360K, reserved 1048576K
Event: 124511.110 GC heap after
Heap after GC invocations=1293 (full 7):
 PSYoungGen      total 1392640K, used 928K [0x000000076ab00000, 0x00000007c0000000, 0x00000007c0000000)
  eden space 1388544K, 0% used [0x000000076ab00000,0x000000076ab00000,0x00000007bf700000)
  from space 4096K, 22% used [0x00000007bfb00000,0x00000007bfbe8000,0x00000007bff00000)
  to   space 4096K, 0% used [0x00000007bf700000,0x00000007bf700000,0x00000007bfb00000)
 ParOldGen       total 852480K, used 658969K [0x00000006c0000000, 0x00000006f4080000, 0x000000076ab00000)
  object space 852480K, 77% used [0x00000006c0000000,0x00000006e83865e0,0x00000006f4080000)
 Metaspace       used 79352K, capacity 105173K, committed 117888K, reserved 1136640K
  class space    used 17892K, capacity 26920K, committed 31360K, reserved 1048576K
}
Event: 138064.529 GC heap before
{Heap before GC invocations=1294 (full 7):
 PSYoungGen      total 1392640K, used 1389472K [0x000000076ab00000, 0x00000007c0000000, 0x00000007c0000000)
  eden space 1388544K, 100% used [0x000000076ab00000,0x00000007bf700000,0x00000007bf700000)
  from space 4096K, 22% used [0x00000007bfb00000,0x00000007bfbe8000,0x00000007bff00000)
  to   space 4096K, 0% used [0x00000007bf700000,0x00000007bf700000,0x00000007bfb00000)
 ParOldGen       total 852480K, used 658969K [0x00000006c0000000, 0x00000006f4080000, 0x000000076ab00000)
  object space 852480K, 77% used [0x00000006c0000000,0x00000006e83865e0,0x00000006f4080000)
 Metaspace       used 80379K, capacity 106941K, committed 117888K, reserved 1136640K
  class space    used 18266K, capacity 27508K, committed 31360K, reserved 1048576K
Event: 138064.543 GC heap after
Heap after GC invocations=1294 (full 7):
 PSYoungGen      total 1392640K, used 4064K [0x000000076ab00000, 0x00000007c0000000, 0x00000007c0000000)
  eden space 1388544K, 0% used [0x000000076ab00000,0x000000076ab00000,0x00000007bf700000)
  from space 4096K, 99% used [0x00000007bf700000,0x00000007bfaf8020,0x00000007bfb00000)
  to   space 5120K, 0% used [0x00000007bfb00000,0x00000007bfb00000,0x00000007c0000000)
 ParOldGen       total 852480K, used 669705K [0x00000006c0000000, 0x00000006f4080000, 0x000000076ab00000)
  object space 852480K, 78% used [0x00000006c0000000,0x00000006e8e025e0,0x00000006f4080000)
 Metaspace       used 80379K, capacity 106941K, committed 117888K, reserved 1136640K
  class space    used 18266K, capacity 27508K, committed 31360K, reserved 1048576K
}

